{"C:\\Users\\LENOVO\\Desktop\\Technologies sarl U\\Node_projets\\formation-node-js\\jour-19\\server.js": {"path":"C:\\Users\\LENOVO\\Desktop\\Technologies sarl U\\Node_projets\\formation-node-js\\jour-19\\server.js","statementMap":{"0":{"start":{"line":1,"column":16},"end":{"line":1,"column":34}},"1":{"start":{"line":2,"column":13},"end":{"line":2,"column":28}},"2":{"start":{"line":3,"column":17},"end":{"line":3,"column":37}},"3":{"start":{"line":4,"column":13},"end":{"line":4,"column":28}},"4":{"start":{"line":5,"column":15},"end":{"line":5,"column":32}},"5":{"start":{"line":6,"column":15},"end":{"line":6,"column":32}},"6":{"start":{"line":7,"column":13},"end":{"line":7,"column":28}},"7":{"start":{"line":8,"column":18},"end":{"line":8,"column":47}},"8":{"start":{"line":10,"column":12},"end":{"line":10,"column":21}},"9":{"start":{"line":11,"column":15},"end":{"line":11,"column":37}},"10":{"start":{"line":12,"column":11},"end":{"line":12,"column":27}},"11":{"start":{"line":14,"column":13},"end":{"line":14,"column":17}},"12":{"start":{"line":18,"column":0},"end":{"line":20,"column":4}},"13":{"start":{"line":23,"column":0},"end":{"line":23,"column":16}},"14":{"start":{"line":26,"column":16},"end":{"line":30,"column":2}},"15":{"start":{"line":31,"column":0},"end":{"line":31,"column":17}},"16":{"start":{"line":34,"column":16},"end":{"line":39,"column":2}},"17":{"start":{"line":37,"column":8},"end":{"line":37,"column":86}},"18":{"start":{"line":42,"column":15},"end":{"line":48,"column":19}},"19":{"start":{"line":46,"column":8},"end":{"line":46,"column":32}},"20":{"start":{"line":53,"column":22},"end":{"line":53,"column":40}},"21":{"start":{"line":55,"column":20},"end":{"line":55,"column":81}},"22":{"start":{"line":57,"column":21},"end":{"line":57,"column":50}},"23":{"start":{"line":59,"column":4},"end":{"line":63,"column":5}},"24":{"start":{"line":60,"column":8},"end":{"line":60,"column":30}},"25":{"start":{"line":62,"column":8},"end":{"line":62,"column":41}},"26":{"start":{"line":67,"column":0},"end":{"line":67,"column":34}},"27":{"start":{"line":70,"column":0},"end":{"line":86,"column":3}},"28":{"start":{"line":71,"column":4},"end":{"line":85,"column":7}},"29":{"start":{"line":72,"column":8},"end":{"line":84,"column":9}},"30":{"start":{"line":73,"column":12},"end":{"line":73,"column":67}},"31":{"start":{"line":75,"column":12},"end":{"line":83,"column":13}},"32":{"start":{"line":76,"column":16},"end":{"line":76,"column":95}},"33":{"start":{"line":78,"column":16},"end":{"line":82,"column":19}},"34":{"start":{"line":89,"column":14},"end":{"line":89,"column":16}},"35":{"start":{"line":92,"column":0},"end":{"line":193,"column":3}},"36":{"start":{"line":93,"column":4},"end":{"line":93,"column":61}},"37":{"start":{"line":96,"column":4},"end":{"line":115,"column":7}},"38":{"start":{"line":97,"column":35},"end":{"line":97,"column":39}},"39":{"start":{"line":98,"column":8},"end":{"line":98,"column":26}},"40":{"start":{"line":100,"column":8},"end":{"line":100,"column":54}},"41":{"start":{"line":103,"column":8},"end":{"line":106,"column":11}},"42":{"start":{"line":108,"column":8},"end":{"line":112,"column":11}},"43":{"start":{"line":114,"column":8},"end":{"line":114,"column":65}},"44":{"start":{"line":118,"column":4},"end":{"line":132,"column":7}},"45":{"start":{"line":119,"column":21},"end":{"line":119,"column":46}},"46":{"start":{"line":120,"column":8},"end":{"line":131,"column":9}},"47":{"start":{"line":122,"column":35},"end":{"line":122,"column":81}},"48":{"start":{"line":123,"column":32},"end":{"line":123,"column":51}},"49":{"start":{"line":125,"column":12},"end":{"line":130,"column":15}},"50":{"start":{"line":135,"column":4},"end":{"line":159,"column":7}},"51":{"start":{"line":136,"column":21},"end":{"line":136,"column":46}},"52":{"start":{"line":137,"column":8},"end":{"line":158,"column":9}},"53":{"start":{"line":138,"column":32},"end":{"line":138,"column":46}},"54":{"start":{"line":141,"column":12},"end":{"line":147,"column":15}},"55":{"start":{"line":150,"column":12},"end":{"line":157,"column":15}},"56":{"start":{"line":162,"column":4},"end":{"line":167,"column":7}},"57":{"start":{"line":163,"column":21},"end":{"line":163,"column":46}},"58":{"start":{"line":164,"column":8},"end":{"line":166,"column":9}},"59":{"start":{"line":165,"column":12},"end":{"line":165,"column":87}},"60":{"start":{"line":169,"column":4},"end":{"line":174,"column":7}},"61":{"start":{"line":170,"column":21},"end":{"line":170,"column":46}},"62":{"start":{"line":171,"column":8},"end":{"line":173,"column":9}},"63":{"start":{"line":172,"column":12},"end":{"line":172,"column":92}},"64":{"start":{"line":177,"column":4},"end":{"line":192,"column":7}},"65":{"start":{"line":178,"column":21},"end":{"line":178,"column":41}},"66":{"start":{"line":179,"column":8},"end":{"line":191,"column":9}},"67":{"start":{"line":180,"column":12},"end":{"line":184,"column":15}},"68":{"start":{"line":187,"column":12},"end":{"line":190,"column":15}},"69":{"start":{"line":197,"column":4},"end":{"line":197,"column":46}},"70":{"start":{"line":197,"column":30},"end":{"line":197,"column":44}},"71":{"start":{"line":201,"column":18},"end":{"line":201,"column":57}},"72":{"start":{"line":201,"column":42},"end":{"line":201,"column":56}},"73":{"start":{"line":202,"column":4},"end":{"line":204,"column":5}},"74":{"start":{"line":203,"column":8},"end":{"line":203,"column":41}},"75":{"start":{"line":208,"column":4},"end":{"line":208,"column":52}},"76":{"start":{"line":208,"column":32},"end":{"line":208,"column":50}},"77":{"start":{"line":212,"column":17},"end":{"line":212,"column":45}},"78":{"start":{"line":212,"column":33},"end":{"line":212,"column":44}},"79":{"start":{"line":213,"column":4},"end":{"line":213,"column":44}},"80":{"start":{"line":216,"column":0},"end":{"line":218,"column":3}},"81":{"start":{"line":217,"column":4},"end":{"line":217,"column":85}}},"fnMap":{"0":{"name":"(anonymous_0)","decl":{"start":{"line":36,"column":14},"end":{"line":36,"column":15}},"loc":{"start":{"line":36,"column":39},"end":{"line":38,"column":5}},"line":36},"1":{"name":"(anonymous_1)","decl":{"start":{"line":45,"column":16},"end":{"line":45,"column":17}},"loc":{"start":{"line":45,"column":41},"end":{"line":47,"column":5}},"line":45},"2":{"name":"checkFileType","decl":{"start":{"line":51,"column":9},"end":{"line":51,"column":22}},"loc":{"start":{"line":51,"column":33},"end":{"line":64,"column":1}},"line":51},"3":{"name":"(anonymous_3)","decl":{"start":{"line":70,"column":20},"end":{"line":70,"column":21}},"loc":{"start":{"line":70,"column":34},"end":{"line":86,"column":1}},"line":70},"4":{"name":"(anonymous_4)","decl":{"start":{"line":71,"column":21},"end":{"line":71,"column":22}},"loc":{"start":{"line":71,"column":30},"end":{"line":85,"column":5}},"line":71},"5":{"name":"(anonymous_5)","decl":{"start":{"line":92,"column":20},"end":{"line":92,"column":21}},"loc":{"start":{"line":92,"column":32},"end":{"line":193,"column":1}},"line":92},"6":{"name":"(anonymous_6)","decl":{"start":{"line":96,"column":22},"end":{"line":96,"column":23}},"loc":{"start":{"line":96,"column":32},"end":{"line":115,"column":5}},"line":96},"7":{"name":"(anonymous_7)","decl":{"start":{"line":118,"column":30},"end":{"line":118,"column":31}},"loc":{"start":{"line":118,"column":40},"end":{"line":132,"column":5}},"line":118},"8":{"name":"(anonymous_8)","decl":{"start":{"line":135,"column":33},"end":{"line":135,"column":34}},"loc":{"start":{"line":135,"column":62},"end":{"line":159,"column":5}},"line":135},"9":{"name":"(anonymous_9)","decl":{"start":{"line":162,"column":24},"end":{"line":162,"column":25}},"loc":{"start":{"line":162,"column":30},"end":{"line":167,"column":5}},"line":162},"10":{"name":"(anonymous_10)","decl":{"start":{"line":169,"column":29},"end":{"line":169,"column":30}},"loc":{"start":{"line":169,"column":35},"end":{"line":174,"column":5}},"line":169},"11":{"name":"(anonymous_11)","decl":{"start":{"line":177,"column":28},"end":{"line":177,"column":29}},"loc":{"start":{"line":177,"column":34},"end":{"line":192,"column":5}},"line":177},"12":{"name":"getCurrentUser","decl":{"start":{"line":196,"column":9},"end":{"line":196,"column":23}},"loc":{"start":{"line":196,"column":28},"end":{"line":198,"column":1}},"line":196},"13":{"name":"(anonymous_13)","decl":{"start":{"line":197,"column":22},"end":{"line":197,"column":23}},"loc":{"start":{"line":197,"column":30},"end":{"line":197,"column":44}},"line":197},"14":{"name":"userLeave","decl":{"start":{"line":200,"column":9},"end":{"line":200,"column":18}},"loc":{"start":{"line":200,"column":23},"end":{"line":205,"column":1}},"line":200},"15":{"name":"(anonymous_15)","decl":{"start":{"line":201,"column":34},"end":{"line":201,"column":35}},"loc":{"start":{"line":201,"column":42},"end":{"line":201,"column":56}},"line":201},"16":{"name":"getUsersInRoom","decl":{"start":{"line":207,"column":9},"end":{"line":207,"column":23}},"loc":{"start":{"line":207,"column":30},"end":{"line":209,"column":1}},"line":207},"17":{"name":"(anonymous_17)","decl":{"start":{"line":208,"column":24},"end":{"line":208,"column":25}},"loc":{"start":{"line":208,"column":32},"end":{"line":208,"column":50}},"line":208},"18":{"name":"getInternalUsername","decl":{"start":{"line":211,"column":9},"end":{"line":211,"column":28}},"loc":{"start":{"line":211,"column":33},"end":{"line":214,"column":1}},"line":211},"19":{"name":"(anonymous_19)","decl":{"start":{"line":212,"column":28},"end":{"line":212,"column":29}},"loc":{"start":{"line":212,"column":33},"end":{"line":212,"column":44}},"line":212},"20":{"name":"(anonymous_20)","decl":{"start":{"line":216,"column":20},"end":{"line":216,"column":21}},"loc":{"start":{"line":216,"column":26},"end":{"line":218,"column":1}},"line":216}},"branchMap":{"0":{"loc":{"start":{"line":59,"column":4},"end":{"line":63,"column":5}},"type":"if","locations":[{"start":{"line":59,"column":4},"end":{"line":63,"column":5}},{"start":{"line":61,"column":11},"end":{"line":63,"column":5}}],"line":59},"1":{"loc":{"start":{"line":59,"column":8},"end":{"line":59,"column":27}},"type":"binary-expr","locations":[{"start":{"line":59,"column":8},"end":{"line":59,"column":16}},{"start":{"line":59,"column":20},"end":{"line":59,"column":27}}],"line":59},"2":{"loc":{"start":{"line":72,"column":8},"end":{"line":84,"column":9}},"type":"if","locations":[{"start":{"line":72,"column":8},"end":{"line":84,"column":9}},{"start":{"line":74,"column":15},"end":{"line":84,"column":9}}],"line":72},"3":{"loc":{"start":{"line":75,"column":12},"end":{"line":83,"column":13}},"type":"if","locations":[{"start":{"line":75,"column":12},"end":{"line":83,"column":13}},{"start":{"line":77,"column":19},"end":{"line":83,"column":13}}],"line":75},"4":{"loc":{"start":{"line":120,"column":8},"end":{"line":131,"column":9}},"type":"if","locations":[{"start":{"line":120,"column":8},"end":{"line":131,"column":9}},{"start":{},"end":{}}],"line":120},"5":{"loc":{"start":{"line":122,"column":35},"end":{"line":122,"column":81}},"type":"cond-expr","locations":[{"start":{"line":122,"column":62},"end":{"line":122,"column":66}},{"start":{"line":122,"column":69},"end":{"line":122,"column":81}}],"line":122},"6":{"loc":{"start":{"line":123,"column":32},"end":{"line":123,"column":51}},"type":"binary-expr","locations":[{"start":{"line":123,"column":32},"end":{"line":123,"column":41}},{"start":{"line":123,"column":45},"end":{"line":123,"column":51}}],"line":123},"7":{"loc":{"start":{"line":137,"column":8},"end":{"line":158,"column":9}},"type":"if","locations":[{"start":{"line":137,"column":8},"end":{"line":158,"column":9}},{"start":{},"end":{}}],"line":137},"8":{"loc":{"start":{"line":138,"column":32},"end":{"line":138,"column":46}},"type":"binary-expr","locations":[{"start":{"line":138,"column":32},"end":{"line":138,"column":36}},{"start":{"line":138,"column":40},"end":{"line":138,"column":46}}],"line":138},"9":{"loc":{"start":{"line":164,"column":8},"end":{"line":166,"column":9}},"type":"if","locations":[{"start":{"line":164,"column":8},"end":{"line":166,"column":9}},{"start":{},"end":{}}],"line":164},"10":{"loc":{"start":{"line":171,"column":8},"end":{"line":173,"column":9}},"type":"if","locations":[{"start":{"line":171,"column":8},"end":{"line":173,"column":9}},{"start":{},"end":{}}],"line":171},"11":{"loc":{"start":{"line":179,"column":8},"end":{"line":191,"column":9}},"type":"if","locations":[{"start":{"line":179,"column":8},"end":{"line":191,"column":9}},{"start":{},"end":{}}],"line":179},"12":{"loc":{"start":{"line":202,"column":4},"end":{"line":204,"column":5}},"type":"if","locations":[{"start":{"line":202,"column":4},"end":{"line":204,"column":5}},{"start":{},"end":{}}],"line":202},"13":{"loc":{"start":{"line":213,"column":11},"end":{"line":213,"column":43}},"type":"cond-expr","locations":[{"start":{"line":213,"column":18},"end":{"line":213,"column":31}},{"start":{"line":213,"column":34},"end":{"line":213,"column":43}}],"line":213}},"s":{"0":0,"1":0,"2":0,"3":0,"4":0,"5":0,"6":0,"7":0,"8":0,"9":0,"10":0,"11":0,"12":0,"13":0,"14":0,"15":0,"16":0,"17":0,"18":0,"19":0,"20":0,"21":0,"22":0,"23":0,"24":0,"25":0,"26":0,"27":0,"28":0,"29":0,"30":0,"31":0,"32":0,"33":0,"34":0,"35":0,"36":0,"37":0,"38":0,"39":0,"40":0,"41":0,"42":0,"43":0,"44":0,"45":0,"46":0,"47":0,"48":0,"49":0,"50":0,"51":0,"52":0,"53":0,"54":0,"55":0,"56":0,"57":0,"58":0,"59":0,"60":0,"61":0,"62":0,"63":0,"64":0,"65":0,"66":0,"67":0,"68":0,"69":0,"70":0,"71":0,"72":0,"73":0,"74":0,"75":0,"76":0,"77":0,"78":0,"79":0,"80":0,"81":0},"f":{"0":0,"1":0,"2":0,"3":0,"4":0,"5":0,"6":0,"7":0,"8":0,"9":0,"10":0,"11":0,"12":0,"13":0,"14":0,"15":0,"16":0,"17":0,"18":0,"19":0,"20":0},"b":{"0":[0,0],"1":[0,0],"2":[0,0],"3":[0,0],"4":[0,0],"5":[0,0],"6":[0,0],"7":[0,0],"8":[0,0],"9":[0,0],"10":[0,0],"11":[0,0],"12":[0,0],"13":[0,0]}}
}
