TN:
SF:server.js
FN:36,(anonymous_0)
FN:45,(anonymous_1)
FN:51,checkFileType
FN:70,(anonymous_3)
FN:71,(anonymous_4)
FN:92,(anonymous_5)
FN:96,(anonymous_6)
FN:118,(anonymous_7)
FN:135,(anonymous_8)
FN:162,(anonymous_9)
FN:169,(anonymous_10)
FN:177,(anonymous_11)
FN:196,getCurrentUser
FN:197,(anonymous_13)
FN:200,userLeave
FN:201,(anonymous_15)
FN:207,getUsersInRoom
FN:208,(anonymous_17)
FN:211,getInternalUsername
FN:212,(anonymous_19)
FN:216,(anonymous_20)
FNF:21
FNH:0
FNDA:0,(anonymous_0)
FNDA:0,(anonymous_1)
FNDA:0,checkFileType
FNDA:0,(anonymous_3)
FNDA:0,(anonymous_4)
FNDA:0,(anonymous_5)
FNDA:0,(anonymous_6)
FNDA:0,(anonymous_7)
FNDA:0,(anonymous_8)
FNDA:0,(anonymous_9)
FNDA:0,(anonymous_10)
FNDA:0,(anonymous_11)
FNDA:0,getCurrentUser
FNDA:0,(anonymous_13)
FNDA:0,userLeave
FNDA:0,(anonymous_15)
FNDA:0,getUsersInRoom
FNDA:0,(anonymous_17)
FNDA:0,getInternalUsername
FNDA:0,(anonymous_19)
FNDA:0,(anonymous_20)
DA:1,0
DA:2,0
DA:3,0
DA:4,0
DA:5,0
DA:6,0
DA:7,0
DA:8,0
DA:10,0
DA:11,0
DA:12,0
DA:14,0
DA:18,0
DA:23,0
DA:26,0
DA:31,0
DA:34,0
DA:37,0
DA:42,0
DA:46,0
DA:53,0
DA:55,0
DA:57,0
DA:59,0
DA:60,0
DA:62,0
DA:67,0
DA:70,0
DA:71,0
DA:72,0
DA:73,0
DA:75,0
DA:76,0
DA:78,0
DA:89,0
DA:92,0
DA:93,0
DA:96,0
DA:97,0
DA:98,0
DA:100,0
DA:103,0
DA:108,0
DA:114,0
DA:118,0
DA:119,0
DA:120,0
DA:122,0
DA:123,0
DA:125,0
DA:135,0
DA:136,0
DA:137,0
DA:138,0
DA:141,0
DA:150,0
DA:162,0
DA:163,0
DA:164,0
DA:165,0
DA:169,0
DA:170,0
DA:171,0
DA:172,0
DA:177,0
DA:178,0
DA:179,0
DA:180,0
DA:187,0
DA:197,0
DA:201,0
DA:202,0
DA:203,0
DA:208,0
DA:212,0
DA:213,0
DA:216,0
DA:217,0
LF:78
LH:0
BRDA:59,0,0,0
BRDA:59,0,1,0
BRDA:59,1,0,0
BRDA:59,1,1,0
BRDA:72,2,0,0
BRDA:72,2,1,0
BRDA:75,3,0,0
BRDA:75,3,1,0
BRDA:120,4,0,0
BRDA:120,4,1,0
BRDA:122,5,0,0
BRDA:122,5,1,0
BRDA:123,6,0,0
BRDA:123,6,1,0
BRDA:137,7,0,0
BRDA:137,7,1,0
BRDA:138,8,0,0
BRDA:138,8,1,0
BRDA:164,9,0,0
BRDA:164,9,1,0
BRDA:171,10,0,0
BRDA:171,10,1,0
BRDA:179,11,0,0
BRDA:179,11,1,0
BRDA:202,12,0,0
BRDA:202,12,1,0
BRDA:213,13,0,0
BRDA:213,13,1,0
BRF:28
BRH:0
end_of_record
